<?xml version="1.0" encoding="UTF-8"?>
<testng-results ignored="6" total="11" passed="4" failed="0" skipped="1">
  <reporter-output>
    <line>
      <![CDATA[https://opensource-demo.orangehrmlive.com/web/index.php/dashboard/index]]>
    </line>
    <line>
      <![CDATA[OrangeHRM]]>
    </line>
    <line>
      <![CDATA[Admin page displayed]]>
    </line>
  </reporter-output>
  <suite started-at="2024-08-14T15:20:46 IST" name="Suite" finished-at="2024-08-14T15:21:23 IST" duration-ms="37104">
    <groups>
    </groups>
    <test started-at="2024-08-14T15:20:46 IST" name="Test" finished-at="2024-08-14T15:21:23 IST" duration-ms="37104">
      <class name="com.OrangeHrm.TestCases.TestCase2">
        <test-method is-config="true" signature="ReportConfig()[pri:0, instance:com.OrangeHrm.TestCases.TestCase2@550dbc7a]" started-at="2024-08-14T15:20:46 IST" name="ReportConfig" finished-at="2024-08-14T15:20:46 IST" duration-ms="177" status="PASS">
          <reporter-output>
          </reporter-output>
        </test-method> <!-- ReportConfig -->
        <test-method is-config="true" signature="openBrowser()[pri:0, instance:com.OrangeHrm.TestCases.TestCase2@550dbc7a]" started-at="2024-08-14T15:20:46 IST" name="openBrowser" finished-at="2024-08-14T15:20:51 IST" duration-ms="4281" status="PASS">
          <reporter-output>
          </reporter-output>
        </test-method> <!-- openBrowser -->
        <test-method is-config="true" signature="login()[pri:0, instance:com.OrangeHrm.TestCases.TestCase2@550dbc7a]" started-at="2024-08-14T15:20:51 IST" name="login" finished-at="2024-08-14T15:20:53 IST" duration-ms="1810" status="PASS">
          <reporter-output>
          </reporter-output>
        </test-method> <!-- login -->
        <test-method signature="getUrl()[pri:0, instance:com.OrangeHrm.TestCases.TestCase2@550dbc7a]" started-at="2024-08-14T15:20:53 IST" name="getUrl" finished-at="2024-08-14T15:20:53 IST" duration-ms="9" status="PASS">
          <reporter-output>
            <line>
              <![CDATA[https://opensource-demo.orangehrmlive.com/web/index.php/dashboard/index]]>
            </line>
          </reporter-output>
        </test-method> <!-- getUrl -->
        <test-method is-config="true" signature="logout(org.testng.ITestResult)[pri:0, instance:com.OrangeHrm.TestCases.TestCase2@550dbc7a]" started-at="2024-08-14T15:20:53 IST" name="logout" finished-at="2024-08-14T15:20:55 IST" duration-ms="2615" status="PASS">
          <params>
            <param index="0">
              <value>
                <![CDATA[[TestResult name=getUrl status=SUCCESS method=TestCase2.getUrl()[pri:0, instance:com.OrangeHrm.TestCases.TestCase2@550dbc7a] output=https://opensource-demo.orangehrmlive.com/web/index.php/dashboard/index]]]>
              </value>
            </param>
          </params>
          <reporter-output>
          </reporter-output>
        </test-method> <!-- logout -->
        <test-method is-config="true" signature="quitBrowser()[pri:0, instance:com.OrangeHrm.TestCases.TestCase2@550dbc7a]" started-at="2024-08-14T15:20:55 IST" name="quitBrowser" finished-at="2024-08-14T15:20:55 IST" duration-ms="174" status="PASS">
          <reporter-output>
          </reporter-output>
        </test-method> <!-- quitBrowser -->
        <test-method is-config="true" signature="ReportClosure()[pri:0, instance:com.OrangeHrm.TestCases.TestCase2@550dbc7a]" started-at="2024-08-14T15:21:23 IST" name="ReportClosure" finished-at="2024-08-14T15:21:23 IST" duration-ms="254" status="PASS">
          <reporter-output>
          </reporter-output>
        </test-method> <!-- ReportClosure -->
      </class> <!-- com.OrangeHrm.TestCases.TestCase2 -->
      <class name="com.OrangeHrm.TestCases.TestCase1">
        <test-method is-config="true" signature="openBrowser()[pri:0, instance:com.OrangeHrm.TestCases.TestCase1@290222c1]" started-at="2024-08-14T15:20:55 IST" name="openBrowser" finished-at="2024-08-14T15:20:59 IST" duration-ms="3851" status="PASS">
          <reporter-output>
          </reporter-output>
        </test-method> <!-- openBrowser -->
        <test-method is-config="true" signature="login()[pri:0, instance:com.OrangeHrm.TestCases.TestCase1@290222c1]" started-at="2024-08-14T15:20:59 IST" name="login" finished-at="2024-08-14T15:21:00 IST" duration-ms="677" status="PASS">
          <reporter-output>
          </reporter-output>
        </test-method> <!-- login -->
        <test-method signature="title()[pri:0, instance:com.OrangeHrm.TestCases.TestCase1@290222c1]" started-at="2024-08-14T15:21:00 IST" name="title" finished-at="2024-08-14T15:21:01 IST" duration-ms="1102" status="PASS">
          <reporter-output>
            <line>
              <![CDATA[OrangeHRM]]>
            </line>
          </reporter-output>
        </test-method> <!-- title -->
        <test-method is-config="true" signature="logout(org.testng.ITestResult)[pri:0, instance:com.OrangeHrm.TestCases.TestCase1@290222c1]" started-at="2024-08-14T15:21:01 IST" name="logout" finished-at="2024-08-14T15:21:01 IST" duration-ms="1" status="FAIL">
          <params>
            <param index="0">
              <value>
                <![CDATA[[TestResult name=title status=SUCCESS method=TestCase1.title()[pri:0, instance:com.OrangeHrm.TestCases.TestCase1@290222c1] output=OrangeHRM]]]>
              </value>
            </param>
          </params>
          <exception class="java.lang.NullPointerException">
            <message>
              <![CDATA[Cannot invoke "com.relevantcodes.extentreports.ExtentReports.startTest(String)" because "this.er" is null]]>
            </message>
            <full-stacktrace>
              <![CDATA[java.lang.NullPointerException: Cannot invoke "com.relevantcodes.extentreports.ExtentReports.startTest(String)" because "this.er" is null
at com.OrangeHrm.Generic.BasePage.logout(BasePage.java:59)
at java.base/jdk.internal.reflect.NativeMethodAccessorImpl.invoke0(Native Method)
at java.base/jdk.internal.reflect.NativeMethodAccessorImpl.invoke(NativeMethodAccessorImpl.java:77)
at java.base/jdk.internal.reflect.DelegatingMethodAccessorImpl.invoke(DelegatingMethodAccessorImpl.java:43)
at java.base/java.lang.reflect.Method.invoke(Method.java:568)
at org.testng.internal.MethodInvocationHelper.invokeMethod(MethodInvocationHelper.java:133)
at org.testng.internal.MethodInvocationHelper.invokeMethodConsideringTimeout(MethodInvocationHelper.java:62)
at org.testng.internal.ConfigInvoker.invokeConfigurationMethod(ConfigInvoker.java:385)
at org.testng.internal.ConfigInvoker.invokeConfigurations(ConfigInvoker.java:321)
at org.testng.internal.TestInvoker.runConfigMethods(TestInvoker.java:700)
at org.testng.internal.TestInvoker.runAfterGroupsConfigurations(TestInvoker.java:676)
at org.testng.internal.TestInvoker.invokeMethod(TestInvoker.java:660)
at org.testng.internal.TestInvoker.invokeTestMethod(TestInvoker.java:173)
at org.testng.internal.MethodRunner.runInSequence(MethodRunner.java:46)
at org.testng.internal.TestInvoker$MethodInvocationAgent.invoke(TestInvoker.java:824)
at org.testng.internal.TestInvoker.invokeTestMethods(TestInvoker.java:146)
at org.testng.internal.TestMethodWorker.invokeTestMethods(TestMethodWorker.java:146)
at org.testng.internal.TestMethodWorker.run(TestMethodWorker.java:128)
at java.base/java.util.ArrayList.forEach(ArrayList.java:1511)
at org.testng.TestRunner.privateRun(TestRunner.java:794)
at org.testng.TestRunner.run(TestRunner.java:596)
at org.testng.SuiteRunner.runTest(SuiteRunner.java:377)
at org.testng.SuiteRunner.runSequentially(SuiteRunner.java:371)
at org.testng.SuiteRunner.privateRun(SuiteRunner.java:332)
at org.testng.SuiteRunner.run(SuiteRunner.java:276)
at org.testng.SuiteRunnerWorker.runSuite(SuiteRunnerWorker.java:53)
at org.testng.SuiteRunnerWorker.run(SuiteRunnerWorker.java:96)
at org.testng.TestNG.runSuitesSequentially(TestNG.java:1212)
at org.testng.TestNG.runSuitesLocally(TestNG.java:1134)
at org.testng.TestNG.runSuites(TestNG.java:1063)
at org.testng.TestNG.run(TestNG.java:1031)
at org.testng.remote.AbstractRemoteTestNG.run(AbstractRemoteTestNG.java:115)
at org.testng.remote.RemoteTestNG.initAndRun(RemoteTestNG.java:293)
at org.testng.remote.RemoteTestNG.main(RemoteTestNG.java:91)
]]>
            </full-stacktrace>
          </exception> <!-- java.lang.NullPointerException -->
          <reporter-output>
          </reporter-output>
        </test-method> <!-- logout -->
        <test-method is-config="true" signature="quitBrowser()[pri:0, instance:com.OrangeHrm.TestCases.TestCase1@290222c1]" started-at="2024-08-14T15:21:01 IST" name="quitBrowser" finished-at="1970-01-01T05:30:00 IST" duration-ms="-1723629061451" status="SKIP">
          <reporter-output>
          </reporter-output>
        </test-method> <!-- quitBrowser -->
      </class> <!-- com.OrangeHrm.TestCases.TestCase1 -->
      <class name="com.OrangeHrm.TestCases.TestCase3">
        <test-method is-config="true" signature="openBrowser()[pri:0, instance:com.OrangeHrm.TestCases.TestCase3@6253c26]" started-at="2024-08-14T15:21:08 IST" name="openBrowser" finished-at="2024-08-14T15:21:17 IST" duration-ms="8887" status="PASS">
          <reporter-output>
          </reporter-output>
        </test-method> <!-- openBrowser -->
        <test-method is-config="true" signature="login()[pri:0, instance:com.OrangeHrm.TestCases.TestCase3@6253c26]" started-at="2024-08-14T15:21:17 IST" name="login" finished-at="2024-08-14T15:21:19 IST" duration-ms="2095" status="PASS">
          <reporter-output>
          </reporter-output>
        </test-method> <!-- login -->
        <test-method signature="addEmployee(java.lang.String,java.lang.String)[pri:0, instance:com.OrangeHrm.TestCases.TestCase3@6253c26]" started-at="2024-08-14T15:21:19 IST" name="addEmployee" data-provider="empdata" finished-at="2024-08-14T15:21:23 IST" duration-ms="3719" status="PASS">
          <params>
            <param index="0">
              <value>
                <![CDATA[sanjay]]>
              </value>
            </param>
            <param index="1">
              <value>
                <![CDATA[admin@123]]>
              </value>
            </param>
          </params>
          <reporter-output>
          </reporter-output>
        </test-method> <!-- addEmployee -->
        <test-method is-config="true" signature="logout(org.testng.ITestResult)[pri:0, instance:com.OrangeHrm.TestCases.TestCase3@6253c26]" started-at="2024-08-14T15:21:23 IST" name="logout" finished-at="2024-08-14T15:21:23 IST" duration-ms="1" status="FAIL">
          <params>
            <param index="0">
              <value>
                <![CDATA[[TestResult name=addEmployee status=SUCCESS method=TestCase3.addEmployee(java.lang.String,java.lang.String)[pri:0, instance:com.OrangeHrm.TestCases.TestCase3@6253c26] output={null}]]]>
              </value>
            </param>
          </params>
          <exception class="java.lang.NullPointerException">
            <message>
              <![CDATA[Cannot invoke "com.relevantcodes.extentreports.ExtentReports.startTest(String)" because "this.er" is null]]>
            </message>
            <full-stacktrace>
              <![CDATA[java.lang.NullPointerException: Cannot invoke "com.relevantcodes.extentreports.ExtentReports.startTest(String)" because "this.er" is null
at com.OrangeHrm.Generic.BasePage.logout(BasePage.java:59)
at java.base/jdk.internal.reflect.NativeMethodAccessorImpl.invoke0(Native Method)
at java.base/jdk.internal.reflect.NativeMethodAccessorImpl.invoke(NativeMethodAccessorImpl.java:77)
at java.base/jdk.internal.reflect.DelegatingMethodAccessorImpl.invoke(DelegatingMethodAccessorImpl.java:43)
at java.base/java.lang.reflect.Method.invoke(Method.java:568)
at org.testng.internal.MethodInvocationHelper.invokeMethod(MethodInvocationHelper.java:133)
at org.testng.internal.MethodInvocationHelper.invokeMethodConsideringTimeout(MethodInvocationHelper.java:62)
at org.testng.internal.ConfigInvoker.invokeConfigurationMethod(ConfigInvoker.java:385)
at org.testng.internal.ConfigInvoker.invokeConfigurations(ConfigInvoker.java:321)
at org.testng.internal.TestInvoker.runConfigMethods(TestInvoker.java:700)
at org.testng.internal.TestInvoker.runAfterGroupsConfigurations(TestInvoker.java:676)
at org.testng.internal.TestInvoker.invokeMethod(TestInvoker.java:660)
at org.testng.internal.TestInvoker.invokeTestMethod(TestInvoker.java:173)
at org.testng.internal.MethodRunner.runInSequence(MethodRunner.java:46)
at org.testng.internal.TestInvoker$MethodInvocationAgent.invoke(TestInvoker.java:824)
at org.testng.internal.TestInvoker.invokeTestMethods(TestInvoker.java:146)
at org.testng.internal.TestMethodWorker.invokeTestMethods(TestMethodWorker.java:146)
at org.testng.internal.TestMethodWorker.run(TestMethodWorker.java:128)
at java.base/java.util.ArrayList.forEach(ArrayList.java:1511)
at org.testng.TestRunner.privateRun(TestRunner.java:794)
at org.testng.TestRunner.run(TestRunner.java:596)
at org.testng.SuiteRunner.runTest(SuiteRunner.java:377)
at org.testng.SuiteRunner.runSequentially(SuiteRunner.java:371)
at org.testng.SuiteRunner.privateRun(SuiteRunner.java:332)
at org.testng.SuiteRunner.run(SuiteRunner.java:276)
at org.testng.SuiteRunnerWorker.runSuite(SuiteRunnerWorker.java:53)
at org.testng.SuiteRunnerWorker.run(SuiteRunnerWorker.java:96)
at org.testng.TestNG.runSuitesSequentially(TestNG.java:1212)
at org.testng.TestNG.runSuitesLocally(TestNG.java:1134)
at org.testng.TestNG.runSuites(TestNG.java:1063)
at org.testng.TestNG.run(TestNG.java:1031)
at org.testng.remote.AbstractRemoteTestNG.run(AbstractRemoteTestNG.java:115)
at org.testng.remote.RemoteTestNG.initAndRun(RemoteTestNG.java:293)
at org.testng.remote.RemoteTestNG.main(RemoteTestNG.java:91)
]]>
            </full-stacktrace>
          </exception> <!-- java.lang.NullPointerException -->
          <reporter-output>
          </reporter-output>
        </test-method> <!-- logout -->
        <test-method is-config="true" signature="login()[pri:0, instance:com.OrangeHrm.TestCases.TestCase3@6253c26]" started-at="2024-08-14T15:21:23 IST" name="login" finished-at="1970-01-01T05:30:00 IST" duration-ms="-1723629083567" status="SKIP">
          <reporter-output>
          </reporter-output>
        </test-method> <!-- login -->
        <test-method signature="addEmployee(java.lang.String,java.lang.String)[pri:0, instance:com.OrangeHrm.TestCases.TestCase3@6253c26]" started-at="2024-08-14T15:21:23 IST" name="addEmployee" data-provider="empdata" finished-at="2024-08-14T15:21:23 IST" duration-ms="0" status="SKIP">
          <params>
            <param index="0">
              <value>
                <![CDATA[John]]>
              </value>
            </param>
            <param index="1">
              <value>
                <![CDATA[Connor]]>
              </value>
            </param>
          </params>
          <exception class="java.lang.NullPointerException">
            <message>
              <![CDATA[Cannot invoke "com.relevantcodes.extentreports.ExtentReports.startTest(String)" because "this.er" is null]]>
            </message>
            <full-stacktrace>
              <![CDATA[java.lang.NullPointerException: Cannot invoke "com.relevantcodes.extentreports.ExtentReports.startTest(String)" because "this.er" is null
at com.OrangeHrm.Generic.BasePage.logout(BasePage.java:59)
at java.base/jdk.internal.reflect.NativeMethodAccessorImpl.invoke0(Native Method)
at java.base/jdk.internal.reflect.NativeMethodAccessorImpl.invoke(NativeMethodAccessorImpl.java:77)
at java.base/jdk.internal.reflect.DelegatingMethodAccessorImpl.invoke(DelegatingMethodAccessorImpl.java:43)
at java.base/java.lang.reflect.Method.invoke(Method.java:568)
at org.testng.internal.MethodInvocationHelper.invokeMethod(MethodInvocationHelper.java:133)
at org.testng.internal.MethodInvocationHelper.invokeMethodConsideringTimeout(MethodInvocationHelper.java:62)
at org.testng.internal.ConfigInvoker.invokeConfigurationMethod(ConfigInvoker.java:385)
at org.testng.internal.ConfigInvoker.invokeConfigurations(ConfigInvoker.java:321)
at org.testng.internal.TestInvoker.runConfigMethods(TestInvoker.java:700)
at org.testng.internal.TestInvoker.runAfterGroupsConfigurations(TestInvoker.java:676)
at org.testng.internal.TestInvoker.invokeMethod(TestInvoker.java:660)
at org.testng.internal.TestInvoker.invokeTestMethod(TestInvoker.java:173)
at org.testng.internal.MethodRunner.runInSequence(MethodRunner.java:46)
at org.testng.internal.TestInvoker$MethodInvocationAgent.invoke(TestInvoker.java:824)
at org.testng.internal.TestInvoker.invokeTestMethods(TestInvoker.java:146)
at org.testng.internal.TestMethodWorker.invokeTestMethods(TestMethodWorker.java:146)
at org.testng.internal.TestMethodWorker.run(TestMethodWorker.java:128)
at java.base/java.util.ArrayList.forEach(ArrayList.java:1511)
at org.testng.TestRunner.privateRun(TestRunner.java:794)
at org.testng.TestRunner.run(TestRunner.java:596)
at org.testng.SuiteRunner.runTest(SuiteRunner.java:377)
at org.testng.SuiteRunner.runSequentially(SuiteRunner.java:371)
at org.testng.SuiteRunner.privateRun(SuiteRunner.java:332)
at org.testng.SuiteRunner.run(SuiteRunner.java:276)
at org.testng.SuiteRunnerWorker.runSuite(SuiteRunnerWorker.java:53)
at org.testng.SuiteRunnerWorker.run(SuiteRunnerWorker.java:96)
at org.testng.TestNG.runSuitesSequentially(TestNG.java:1212)
at org.testng.TestNG.runSuitesLocally(TestNG.java:1134)
at org.testng.TestNG.runSuites(TestNG.java:1063)
at org.testng.TestNG.run(TestNG.java:1031)
at org.testng.remote.AbstractRemoteTestNG.run(AbstractRemoteTestNG.java:115)
at org.testng.remote.RemoteTestNG.initAndRun(RemoteTestNG.java:293)
at org.testng.remote.RemoteTestNG.main(RemoteTestNG.java:91)
]]>
            </full-stacktrace>
          </exception> <!-- java.lang.NullPointerException -->
          <reporter-output>
          </reporter-output>
        </test-method> <!-- addEmployee -->
        <test-method is-config="true" signature="logout(org.testng.ITestResult)[pri:0, instance:com.OrangeHrm.TestCases.TestCase3@6253c26]" started-at="2024-08-14T15:21:23 IST" name="logout" finished-at="1970-01-01T05:30:00 IST" duration-ms="-1723629083571" status="SKIP">
          <reporter-output>
          </reporter-output>
        </test-method> <!-- logout -->
        <test-method is-config="true" signature="quitBrowser()[pri:0, instance:com.OrangeHrm.TestCases.TestCase3@6253c26]" started-at="2024-08-14T15:21:23 IST" name="quitBrowser" finished-at="1970-01-01T05:30:00 IST" duration-ms="-1723629083573" status="SKIP">
          <reporter-output>
          </reporter-output>
        </test-method> <!-- quitBrowser -->
      </class> <!-- com.OrangeHrm.TestCases.TestCase3 -->
      <class name="com.OrangeHrm.TestCases.AdminpageDisplayed">
        <test-method is-config="true" signature="openBrowser()[pri:0, instance:com.OrangeHrm.TestCases.AdminpageDisplayed@67f639d3]" started-at="2024-08-14T15:21:01 IST" name="openBrowser" finished-at="2024-08-14T15:21:05 IST" duration-ms="3949" status="PASS">
          <reporter-output>
          </reporter-output>
        </test-method> <!-- openBrowser -->
        <test-method is-config="true" signature="login()[pri:0, instance:com.OrangeHrm.TestCases.AdminpageDisplayed@67f639d3]" started-at="2024-08-14T15:21:05 IST" name="login" finished-at="2024-08-14T15:21:07 IST" duration-ms="1878" status="PASS">
          <reporter-output>
          </reporter-output>
        </test-method> <!-- login -->
        <test-method signature="AdminDisplay()[pri:0, instance:com.OrangeHrm.TestCases.AdminpageDisplayed@67f639d3]" started-at="2024-08-14T15:21:07 IST" name="AdminDisplay" finished-at="2024-08-14T15:21:08 IST" duration-ms="1568" status="PASS">
          <reporter-output>
            <line>
              <![CDATA[Admin page displayed]]>
            </line>
          </reporter-output>
        </test-method> <!-- AdminDisplay -->
        <test-method is-config="true" signature="logout(org.testng.ITestResult)[pri:0, instance:com.OrangeHrm.TestCases.AdminpageDisplayed@67f639d3]" started-at="2024-08-14T15:21:08 IST" name="logout" finished-at="2024-08-14T15:21:08 IST" duration-ms="0" status="FAIL">
          <params>
            <param index="0">
              <value>
                <![CDATA[[TestResult name=AdminDisplay status=SUCCESS method=AdminpageDisplayed.AdminDisplay()[pri:0, instance:com.OrangeHrm.TestCases.AdminpageDisplayed@67f639d3] output=Admin page displayed]]]>
              </value>
            </param>
          </params>
          <exception class="java.lang.NullPointerException">
            <message>
              <![CDATA[Cannot invoke "com.relevantcodes.extentreports.ExtentReports.startTest(String)" because "this.er" is null]]>
            </message>
            <full-stacktrace>
              <![CDATA[java.lang.NullPointerException: Cannot invoke "com.relevantcodes.extentreports.ExtentReports.startTest(String)" because "this.er" is null
at com.OrangeHrm.Generic.BasePage.logout(BasePage.java:59)
at java.base/jdk.internal.reflect.NativeMethodAccessorImpl.invoke0(Native Method)
at java.base/jdk.internal.reflect.NativeMethodAccessorImpl.invoke(NativeMethodAccessorImpl.java:77)
at java.base/jdk.internal.reflect.DelegatingMethodAccessorImpl.invoke(DelegatingMethodAccessorImpl.java:43)
at java.base/java.lang.reflect.Method.invoke(Method.java:568)
at org.testng.internal.MethodInvocationHelper.invokeMethod(MethodInvocationHelper.java:133)
at org.testng.internal.MethodInvocationHelper.invokeMethodConsideringTimeout(MethodInvocationHelper.java:62)
at org.testng.internal.ConfigInvoker.invokeConfigurationMethod(ConfigInvoker.java:385)
at org.testng.internal.ConfigInvoker.invokeConfigurations(ConfigInvoker.java:321)
at org.testng.internal.TestInvoker.runConfigMethods(TestInvoker.java:700)
at org.testng.internal.TestInvoker.runAfterGroupsConfigurations(TestInvoker.java:676)
at org.testng.internal.TestInvoker.invokeMethod(TestInvoker.java:660)
at org.testng.internal.TestInvoker.invokeTestMethod(TestInvoker.java:173)
at org.testng.internal.MethodRunner.runInSequence(MethodRunner.java:46)
at org.testng.internal.TestInvoker$MethodInvocationAgent.invoke(TestInvoker.java:824)
at org.testng.internal.TestInvoker.invokeTestMethods(TestInvoker.java:146)
at org.testng.internal.TestMethodWorker.invokeTestMethods(TestMethodWorker.java:146)
at org.testng.internal.TestMethodWorker.run(TestMethodWorker.java:128)
at java.base/java.util.ArrayList.forEach(ArrayList.java:1511)
at org.testng.TestRunner.privateRun(TestRunner.java:794)
at org.testng.TestRunner.run(TestRunner.java:596)
at org.testng.SuiteRunner.runTest(SuiteRunner.java:377)
at org.testng.SuiteRunner.runSequentially(SuiteRunner.java:371)
at org.testng.SuiteRunner.privateRun(SuiteRunner.java:332)
at org.testng.SuiteRunner.run(SuiteRunner.java:276)
at org.testng.SuiteRunnerWorker.runSuite(SuiteRunnerWorker.java:53)
at org.testng.SuiteRunnerWorker.run(SuiteRunnerWorker.java:96)
at org.testng.TestNG.runSuitesSequentially(TestNG.java:1212)
at org.testng.TestNG.runSuitesLocally(TestNG.java:1134)
at org.testng.TestNG.runSuites(TestNG.java:1063)
at org.testng.TestNG.run(TestNG.java:1031)
at org.testng.remote.AbstractRemoteTestNG.run(AbstractRemoteTestNG.java:115)
at org.testng.remote.RemoteTestNG.initAndRun(RemoteTestNG.java:293)
at org.testng.remote.RemoteTestNG.main(RemoteTestNG.java:91)
]]>
            </full-stacktrace>
          </exception> <!-- java.lang.NullPointerException -->
          <reporter-output>
          </reporter-output>
        </test-method> <!-- logout -->
        <test-method is-config="true" signature="quitBrowser()[pri:0, instance:com.OrangeHrm.TestCases.AdminpageDisplayed@67f639d3]" started-at="2024-08-14T15:21:08 IST" name="quitBrowser" finished-at="1970-01-01T05:30:00 IST" duration-ms="-1723629068856" status="SKIP">
          <reporter-output>
          </reporter-output>
        </test-method> <!-- quitBrowser -->
      </class> <!-- com.OrangeHrm.TestCases.AdminpageDisplayed -->
    </test> <!-- Test -->
  </suite> <!-- Suite -->
</testng-results>
